<?xml version="1.0" encoding="UTF-8"?>
<!-- Generated by org.testng.reporters.JUnitReportReporter -->
<testsuite hostname="DESKTOP-07D1158" failures="0" tests="1" name="pomMIO.testClass" time="2.926" errors="0" timestamp="2023-10-04T10:39:46 ART" skipped="0">
  <testcase classname="pomMIO.testClass" name="check" time="2.926"/>
  <system-out/>
</testsuite> <!-- pomMIO.testClass -->
