<?xml version="1.0" encoding="UTF-8"?>
<!-- Generated by org.testng.reporters.JUnitReportReporter -->
<testsuite hostname="DESKTOP-07D1158" failures="0" tests="1" name="intentoDePOM2.pomTestDemoblaze" time="2.333" errors="0" timestamp="2023-10-02T02:12:09 ART" skipped="0">
  <testcase classname="intentoDePOM2.pomTestDemoblaze" name="check" time="2.333"/>
  <system-out/>
</testsuite> <!-- intentoDePOM2.pomTestDemoblaze -->
