<?xml version="1.0" encoding="UTF-8"?>
<!-- Generated by org.testng.reporters.JUnitReportReporter -->
<testsuite hostname="DESKTOP-07D1158" failures="0" tests="1" name="POM.testClass" time="5.026" errors="0" timestamp="2023-10-06T03:31:37 ART" skipped="0">
  <testcase classname="POM.testClass" name="check" time="5.026"/>
  <system-out/>
</testsuite> <!-- POM.testClass -->
