<?xml version="1.0" encoding="UTF-8"?>
<!-- Generated by org.testng.reporters.JUnitReportReporter -->
<testsuite hostname="DESKTOP-07D1158" failures="0" tests="1" name="tests.testng" time="0.621" errors="0" timestamp="2023-09-25T12:45:49 ART" skipped="0">
  <testcase classname="tests.testng" name="testLoginAutomation" time="0.621"/>
  <system-out/>
</testsuite> <!-- tests.testng -->
