<?xml version="1.0" encoding="UTF-8"?>
<!-- Generated by org.testng.reporters.JUnitReportReporter -->
<testsuite hostname="DESKTOP-07D1158" failures="0" tests="1" name="tests.waitsTestNG" time="2.336" errors="0" timestamp="2023-09-27T13:16:49 ART" skipped="0">
  <testcase classname="tests.waitsTestNG" name="testLoginAutomation" time="2.336"/>
  <system-out/>
</testsuite> <!-- tests.waitsTestNG -->
